TN:
SF:script/Counter.s.sol
FN:7,CounterScript.setUp
FNDA:0,CounterScript.setUp
FN:9,CounterScript.run
FNDA:0,CounterScript.run
DA:10,0
FNF:2
FNH:0
LF:1
LH:0
BRF:0
BRH:0
end_of_record
TN:
SF:src/Week1/BancorBondingCurve.sol
FN:59,BancorBondingCurve.calculatePurchaseReturn
FNDA:0,BancorBondingCurve.calculatePurchaseReturn
DA:71,13
BRDA:71,0,0,-
BRDA:71,0,1,13
DA:72,13
BRDA:72,1,0,-
BRDA:72,1,1,13
DA:73,13
BRDA:73,2,0,-
BRDA:73,2,1,13
DA:74,13
BRDA:74,3,0,-
BRDA:74,3,1,13
DA:76,13
BRDA:76,4,0,-
BRDA:76,4,1,13
DA:77,0
DA:80,13
BRDA:80,5,0,-
BRDA:80,5,1,13
DA:81,0
DA:83,13
DA:84,13
DA:85,13
DA:86,13
DA:87,13
DA:88,13
FN:110,BancorBondingCurve.calculateSaleReturn
FNDA:0,BancorBondingCurve.calculateSaleReturn
DA:122,4
BRDA:122,6,0,-
BRDA:122,6,1,4
DA:123,4
BRDA:123,7,0,-
BRDA:123,7,1,4
DA:124,4
BRDA:124,8,0,-
BRDA:124,8,1,4
DA:125,4
BRDA:125,9,0,-
BRDA:125,9,1,4
DA:126,4
BRDA:126,10,0,-
BRDA:126,10,1,4
DA:128,4
BRDA:128,11,0,-
BRDA:128,11,1,4
DA:129,0
DA:132,4
BRDA:132,12,0,-
BRDA:132,12,1,4
DA:133,0
DA:136,4
BRDA:136,13,0,-
BRDA:136,13,1,4
DA:137,0
DA:139,4
DA:140,4
DA:141,4
DA:142,4
DA:143,4
DA:144,4
DA:145,4
FNF:2
FNH:0
LF:32
LH:27
BRF:28
BRH:14
end_of_record
TN:
SF:src/Week1/Counter.sol
FN:7,Counter.setNumber
FNDA:0,Counter.setNumber
DA:8,0
FN:11,Counter.increment
FNDA:0,Counter.increment
DA:12,0
FNF:2
FNH:0
LF:2
LH:0
BRF:0
BRH:0
end_of_record
TN:
SF:src/Week1/GodModeToken.sol
FN:21,GodToken.replaceIluvatar
FNDA:1,GodToken.replaceIluvatar
DA:22,1
FN:25,GodToken.godModeTransfer
FNDA:2,GodToken.godModeTransfer
DA:26,2
BRDA:26,0,0,-
BRDA:26,0,1,2
DA:27,2
DA:28,2
DA:29,2
DA:31,2
FN:34,GodToken.mint
FNDA:0,GodToken.mint
DA:35,0
BRDA:35,1,0,-
BRDA:35,1,1,-
DA:36,0
FN:39,GodToken.burn
FNDA:0,GodToken.burn
DA:40,0
BRDA:40,2,0,-
BRDA:40,2,1,-
DA:41,0
FNF:4
FNH:2
LF:10
LH:6
BRF:6
BRH:1
end_of_record
TN:
SF:src/Week1/Power.sol
FN:42,Power.initMaxExpArray
FNDA:0,Power.initMaxExpArray
DA:43,0
DA:44,0
DA:45,0
DA:46,0
DA:47,0
DA:48,0
DA:49,0
DA:50,0
DA:51,0
DA:52,0
DA:53,0
DA:54,0
DA:55,0
DA:56,0
DA:57,0
DA:58,0
DA:59,0
DA:60,0
DA:61,0
DA:62,0
DA:63,0
DA:64,0
DA:65,0
DA:66,0
DA:67,0
DA:68,0
DA:69,0
DA:70,0
DA:71,0
DA:72,0
DA:73,0
DA:74,0
DA:75,0
DA:76,0
DA:77,0
DA:78,0
DA:79,0
DA:80,0
DA:81,0
DA:82,0
DA:83,0
DA:84,0
DA:85,0
DA:86,0
DA:87,0
DA:88,0
DA:89,0
DA:90,0
DA:91,0
DA:92,0
DA:93,0
DA:94,0
DA:95,0
DA:96,0
DA:97,0
DA:98,0
DA:99,0
DA:100,0
DA:101,0
DA:102,0
DA:103,0
DA:104,0
DA:105,0
DA:106,0
DA:107,0
DA:108,0
DA:109,0
DA:110,0
DA:111,0
DA:112,0
DA:113,0
DA:114,0
DA:115,0
DA:116,0
DA:117,0
DA:118,0
DA:119,0
DA:120,0
DA:121,0
DA:122,0
DA:123,0
DA:124,0
DA:125,0
DA:126,0
DA:127,0
DA:128,0
DA:129,0
DA:130,0
DA:131,0
DA:132,0
DA:133,0
DA:134,0
DA:135,0
DA:136,0
DA:137,0
DA:138,0
FN:144,Power.initLambertArray
FNDA:0,Power.initLambertArray
DA:145,0
DA:146,0
DA:147,0
DA:148,0
DA:149,0
DA:150,0
DA:151,0
DA:152,0
DA:153,0
DA:154,0
DA:155,0
DA:156,0
DA:157,0
DA:158,0
DA:159,0
DA:160,0
DA:161,0
DA:162,0
DA:163,0
DA:164,0
DA:165,0
DA:166,0
DA:167,0
DA:168,0
DA:169,0
DA:170,0
DA:171,0
DA:172,0
DA:173,0
DA:174,0
DA:175,0
DA:176,0
DA:177,0
DA:178,0
DA:179,0
DA:180,0
DA:181,0
DA:182,0
DA:183,0
DA:184,0
DA:185,0
DA:186,0
DA:187,0
DA:188,0
DA:189,0
DA:190,0
DA:191,0
DA:192,0
DA:193,0
DA:194,0
DA:195,0
DA:196,0
DA:197,0
DA:198,0
DA:199,0
DA:200,0
DA:201,0
DA:202,0
DA:203,0
DA:204,0
DA:205,0
DA:206,0
DA:207,0
DA:208,0
DA:209,0
DA:210,0
DA:211,0
DA:212,0
DA:213,0
DA:214,0
DA:215,0
DA:216,0
DA:217,0
DA:218,0
DA:219,0
DA:220,0
DA:221,0
DA:222,0
DA:223,0
DA:224,0
DA:225,0
DA:226,0
DA:227,0
DA:228,0
DA:229,0
DA:230,0
DA:231,0
DA:232,0
DA:233,0
DA:234,0
DA:235,0
DA:236,0
DA:237,0
DA:238,0
DA:239,0
DA:240,0
DA:241,0
DA:242,0
DA:243,0
DA:244,0
DA:245,0
DA:246,0
DA:247,0
DA:248,0
DA:249,0
DA:250,0
DA:251,0
DA:252,0
DA:253,0
DA:254,0
DA:255,0
DA:256,0
DA:257,0
DA:258,0
DA:259,0
DA:260,0
DA:261,0
DA:262,0
DA:263,0
DA:264,0
DA:265,0
DA:266,0
DA:267,0
DA:268,0
DA:269,0
DA:270,0
DA:271,0
DA:272,0
FN:293,Power.power
FNDA:0,Power.power
DA:294,17
BRDA:294,0,0,-
BRDA:294,0,1,17
DA:296,17
DA:297,17
DA:298,17
BRDA:298,1,0,17
BRDA:298,1,1,-
DA:299,17
DA:301,0
DA:304,17
DA:305,17
BRDA:305,2,0,17
BRDA:305,2,1,-
DA:306,17
DA:308,0
DA:309,0
FN:317,Power.generalLog
FNDA:0,Power.generalLog
DA:318,0
DA:321,0
BRDA:321,3,0,-
BRDA:321,3,1,-
DA:322,0
DA:323,0
DA:324,0
DA:328,0
BRDA:328,4,0,-
BRDA:328,4,1,-
DA:329,0
DA:330,0
DA:331,0
BRDA:331,5,0,-
BRDA:331,5,1,-
DA:332,0
DA:333,0
DA:338,0
FN:344,Power.floorLog2
FNDA:0,Power.floorLog2
DA:345,0
DA:347,0
BRDA:347,6,0,-
BRDA:347,6,1,-
DA:349,0
DA:350,0
DA:351,0
DA:355,0
DA:356,0
BRDA:356,7,0,-
BRDA:356,7,1,-
DA:357,0
DA:358,0
DA:363,0
FN:371,Power.findPositionInMaxExpArray
FNDA:0,Power.findPositionInMaxExpArray
DA:372,0
DA:373,0
DA:375,0
DA:376,0
DA:377,0
BRDA:377,8,0,-
BRDA:377,8,1,-
DA:378,0
DA:381,0
BRDA:381,9,0,-
BRDA:381,9,1,-
DA:382,0
BRDA:382,10,0,-
BRDA:382,10,1,-
DA:384,0
BRDA:384,11,0,-
BRDA:384,11,1,-
FN:394,Power.generalExp
FNDA:0,Power.generalExp
DA:395,0
DA:396,0
DA:398,0
DA:399,0
DA:400,0
DA:401,0
DA:402,0
DA:403,0
DA:404,0
DA:405,0
DA:406,0
DA:407,0
DA:408,0
DA:409,0
DA:410,0
DA:411,0
DA:412,0
DA:413,0
DA:414,0
DA:415,0
DA:416,0
DA:417,0
DA:418,0
DA:419,0
DA:420,0
DA:421,0
DA:422,0
DA:423,0
DA:424,0
DA:425,0
DA:426,0
DA:427,0
DA:428,0
DA:429,0
DA:430,0
DA:431,0
DA:432,0
DA:433,0
DA:434,0
DA:435,0
DA:436,0
DA:437,0
DA:438,0
DA:439,0
DA:440,0
DA:441,0
DA:442,0
DA:443,0
DA:444,0
DA:445,0
DA:446,0
DA:447,0
DA:448,0
DA:449,0
DA:450,0
DA:451,0
DA:452,0
DA:453,0
DA:454,0
DA:455,0
DA:456,0
DA:457,0
DA:458,0
DA:459,0
DA:460,0
DA:461,0
DA:463,0
FN:477,Power.optimalLog
FNDA:17,Power.optimalLog
DA:478,17
DA:480,17
DA:481,17
DA:482,17
DA:484,17
BRDA:484,12,0,-
BRDA:484,12,1,17
DA:485,0
DA:486,0
DA:488,17
BRDA:488,13,0,-
BRDA:488,13,1,17
DA:489,0
DA:490,0
DA:492,17
BRDA:492,14,0,-
BRDA:492,14,1,17
DA:493,0
DA:494,0
DA:496,17
BRDA:496,15,0,9
BRDA:496,15,1,17
DA:497,9
DA:498,9
DA:500,17
BRDA:500,16,0,6
BRDA:500,16,1,17
DA:501,6
DA:502,6
DA:504,17
BRDA:504,17,0,6
BRDA:504,17,1,17
DA:505,6
DA:506,6
DA:508,17
BRDA:508,18,0,8
BRDA:508,18,1,17
DA:509,8
DA:510,8
DA:512,17
BRDA:512,19,0,3
BRDA:512,19,1,17
DA:513,3
DA:514,3
DA:517,17
DA:518,17
DA:519,17
DA:520,17
DA:521,17
DA:522,17
DA:523,17
DA:524,17
DA:525,17
DA:526,17
DA:527,17
DA:528,17
DA:529,17
DA:530,17
DA:531,17
DA:532,17
DA:533,17
DA:535,17
FN:549,Power.optimalExp
FNDA:17,Power.optimalExp
DA:550,17
DA:552,17
DA:553,17
DA:555,17
DA:556,17
DA:557,17
DA:558,17
DA:559,17
DA:560,17
DA:561,17
DA:562,17
DA:563,17
DA:564,17
DA:565,17
DA:566,17
DA:567,17
DA:568,17
DA:569,17
DA:570,17
DA:571,17
DA:572,17
DA:573,17
DA:574,17
DA:575,17
DA:576,17
DA:577,17
DA:578,17
DA:579,17
DA:580,17
DA:581,17
DA:582,17
DA:583,17
DA:584,17
DA:585,17
DA:586,17
DA:587,17
DA:588,17
DA:589,17
DA:590,17
DA:591,17
DA:592,17
DA:593,17
DA:594,17
DA:596,17
BRDA:596,20,0,-
BRDA:596,20,1,17
DA:597,0
DA:599,17
BRDA:599,21,0,-
BRDA:599,21,1,17
DA:600,0
DA:602,17
BRDA:602,22,0,-
BRDA:602,22,1,17
DA:603,0
DA:605,17
BRDA:605,23,0,-
BRDA:605,23,1,17
DA:606,0
DA:608,17
BRDA:608,24,0,-
BRDA:608,24,1,17
DA:609,0
DA:611,17
BRDA:611,25,0,-
BRDA:611,25,1,17
DA:612,0
DA:614,17
BRDA:614,26,0,-
BRDA:614,26,1,17
DA:615,0
DA:618,17
FN:624,Power.lowerStake
FNDA:0,Power.lowerStake
DA:625,0
BRDA:625,27,0,-
BRDA:625,27,1,-
DA:626,0
BRDA:626,28,0,-
BRDA:626,28,1,-
DA:627,0
BRDA:627,29,0,-
BRDA:627,29,1,-
DA:628,0
BRDA:628,30,0,-
BRDA:628,30,1,-
FN:634,Power.higherStake
FNDA:0,Power.higherStake
DA:635,0
BRDA:635,31,0,-
BRDA:635,31,1,-
DA:636,0
FN:644,Power.lambertPos1
FNDA:0,Power.lambertPos1
DA:645,0
DA:646,0
DA:648,0
DA:649,0
DA:650,0
DA:651,0
DA:652,0
DA:653,0
DA:654,0
DA:655,0
DA:656,0
DA:657,0
DA:658,0
DA:659,0
DA:660,0
DA:661,0
DA:662,0
DA:663,0
DA:664,0
DA:665,0
DA:666,0
DA:667,0
DA:668,0
DA:669,0
DA:670,0
DA:671,0
DA:672,0
DA:673,0
DA:674,0
DA:675,0
DA:676,0
DA:677,0
DA:678,0
DA:679,0
DA:680,0
DA:681,0
DA:682,0
DA:683,0
DA:684,0
DA:685,0
DA:686,0
DA:687,0
DA:688,0
DA:689,0
DA:690,0
DA:691,0
DA:692,0
DA:693,0
DA:694,0
DA:695,0
DA:696,0
DA:697,0
DA:698,0
DA:699,0
DA:700,0
DA:701,0
DA:702,0
DA:703,0
DA:704,0
DA:705,0
DA:706,0
DA:707,0
DA:708,0
DA:709,0
DA:710,0
DA:711,0
DA:713,0
FN:720,Power.lambertPos2
FNDA:0,Power.lambertPos2
DA:721,0
DA:722,0
DA:723,0
DA:724,0
DA:725,0
DA:726,0
DA:727,0
FN:734,Power.lambertPos3
FNDA:0,Power.lambertPos3
DA:735,0
DA:736,0
DA:737,0
FN:745,Power.lambertNeg1
FNDA:0,Power.lambertNeg1
DA:746,0
DA:747,0
DA:749,0
DA:750,0
DA:751,0
DA:752,0
DA:753,0
DA:754,0
DA:755,0
DA:756,0
DA:757,0
DA:758,0
DA:759,0
DA:760,0
DA:761,0
DA:762,0
DA:763,0
DA:764,0
DA:765,0
DA:766,0
DA:767,0
DA:768,0
DA:769,0
DA:770,0
DA:771,0
DA:772,0
DA:773,0
DA:774,0
DA:775,0
DA:776,0
DA:777,0
DA:778,0
DA:779,0
DA:780,0
DA:781,0
DA:782,0
DA:783,0
DA:784,0
DA:785,0
DA:786,0
DA:787,0
DA:788,0
DA:789,0
DA:790,0
DA:791,0
DA:792,0
DA:793,0
DA:794,0
DA:795,0
DA:796,0
DA:797,0
DA:798,0
DA:799,0
DA:800,0
DA:801,0
DA:802,0
DA:803,0
DA:804,0
DA:805,0
DA:806,0
DA:807,0
DA:808,0
DA:809,0
DA:810,0
DA:811,0
DA:812,0
DA:814,0
FN:820,Power.balancedWeightsByStake
FNDA:0,Power.balancedWeightsByStake
DA:831,0
DA:832,0
DA:833,0
DA:834,0
DA:835,0
DA:836,0
FN:842,Power.safeFactors
FNDA:0,Power.safeFactors
DA:843,0
BRDA:843,32,0,-
BRDA:843,32,1,-
DA:844,0
BRDA:844,33,0,-
BRDA:844,33,1,-
DA:845,0
BRDA:845,34,0,-
BRDA:845,34,1,-
DA:846,0
DA:847,0
DA:848,0
FN:854,Power.normalizedWeights
FNDA:0,Power.normalizedWeights
DA:855,0
BRDA:855,35,0,-
BRDA:855,35,1,-
DA:856,0
DA:857,0
FN:863,Power.accurateWeights
FNDA:0,Power.accurateWeights
DA:864,0
BRDA:864,36,0,-
BRDA:864,36,1,-
DA:865,0
DA:866,0
DA:867,0
DA:869,0
DA:870,0
DA:871,0
FN:877,Power.roundDiv
FNDA:0,Power.roundDiv
DA:878,0
FNF:20
FNH:2
LF:610
LH:99
BRF:74
BRH:23
end_of_record
TN:
SF:src/Week1/SanctionToken.sol
FN:21,SanctionToken.banAddress
FNDA:3,SanctionToken.banAddress
DA:22,3
BRDA:22,0,0,-
BRDA:22,0,1,3
DA:23,3
DA:25,3
FN:28,SanctionToken.unbanAddress
FNDA:1,SanctionToken.unbanAddress
DA:29,1
BRDA:29,1,0,-
BRDA:29,1,1,1
DA:30,1
DA:32,1
FN:35,SanctionToken.mint
FNDA:0,SanctionToken.mint
DA:36,0
BRDA:36,2,0,-
BRDA:36,2,1,-
DA:37,0
FN:40,SanctionToken.burn
FNDA:0,SanctionToken.burn
DA:41,0
BRDA:41,3,0,-
BRDA:41,3,1,-
DA:42,0
FN:51,SanctionToken._update
FNDA:10,SanctionToken._update
DA:52,10
BRDA:52,4,0,2
BRDA:52,4,1,8
DA:53,8
BRDA:53,5,0,1
BRDA:53,5,1,7
DA:54,7
FNF:5
FNH:3
LF:13
LH:9
BRF:12
BRH:6
end_of_record
TN:
SF:src/Week1/TokenSaleAndBuyback.sol
FN:47,TokenSaleAndBuyback.updateInterval
FNDA:3,TokenSaleAndBuyback.updateInterval
DA:48,2
BRDA:48,0,0,1
BRDA:48,0,1,1
DA:49,1
FN:52,TokenSaleAndBuyback.updateReserveRatio
FNDA:4,TokenSaleAndBuyback.updateReserveRatio
DA:53,3
BRDA:53,1,0,1
BRDA:53,1,1,2
DA:54,2
BRDA:54,2,0,1
BRDA:54,2,1,1
DA:55,1
FN:64,TokenSaleAndBuyback.onTransferReceived
FNDA:8,TokenSaleAndBuyback.onTransferReceived
DA:73,8
BRDA:73,3,0,-
BRDA:73,3,1,8
DA:74,8
DA:75,8
FN:82,TokenSaleAndBuyback.buy
FNDA:9,TokenSaleAndBuyback.buy
DA:83,9
BRDA:83,4,0,1
BRDA:83,4,1,8
DA:84,8
DA:85,8
DA:87,8
FN:94,TokenSaleAndBuyback.burn
FNDA:6,TokenSaleAndBuyback.burn
DA:95,6
BRDA:95,5,0,1
BRDA:95,5,1,5
DA:96,5
BRDA:96,6,0,1
BRDA:96,6,1,4
DA:97,4
BRDA:97,7,0,1
BRDA:97,7,1,3
DA:98,3
DA:100,3
FN:106,TokenSaleAndBuyback.getContinuousTokenPrice
FNDA:2,TokenSaleAndBuyback.getContinuousTokenPrice
DA:107,2
FN:114,TokenSaleAndBuyback.calculateMintAmount
FNDA:5,TokenSaleAndBuyback.calculateMintAmount
DA:115,13
FN:122,TokenSaleAndBuyback.calculateBurnAmount
FNDA:1,TokenSaleAndBuyback.calculateBurnAmount
DA:123,4
FN:132,TokenSaleAndBuyback._continuousMint
FNDA:8,TokenSaleAndBuyback._continuousMint
DA:133,8
DA:134,8
DA:135,8
FN:144,TokenSaleAndBuyback._continuousBurn
FNDA:3,TokenSaleAndBuyback._continuousBurn
DA:145,3
DA:146,3
DA:147,3
DA:148,3
FNF:10
FNH:10
LF:27
LH:27
BRF:16
BRH:15
end_of_record
TN:
SF:src/Week1/UntrustedEscrow.sol
FN:45,UntrustedEscrow.updateLockTime
FNDA:2,UntrustedEscrow.updateLockTime
DA:46,1
FN:49,UntrustedEscrow.deposit
FNDA:7,UntrustedEscrow.deposit
DA:50,7
BRDA:50,0,0,1
BRDA:50,0,1,6
DA:51,6
BRDA:51,1,0,1
BRDA:51,1,1,5
DA:52,5
BRDA:52,2,0,1
BRDA:52,2,1,4
DA:54,4
DA:55,4
DA:56,4
DA:57,4
DA:65,4
DA:66,4
DA:67,4
DA:69,4
DA:70,4
FN:73,UntrustedEscrow.withdraw
FNDA:5,UntrustedEscrow.withdraw
DA:74,5
BRDA:74,3,0,1
BRDA:74,3,1,4
DA:75,4
DA:76,4
BRDA:76,4,0,1
BRDA:76,4,1,3
DA:77,3
BRDA:77,5,0,1
BRDA:77,5,1,2
DA:78,2
BRDA:78,6,0,1
BRDA:78,6,1,1
DA:80,1
DA:81,1
DA:82,1
DA:83,1
DA:85,1
FN:88,UntrustedEscrow.cancel
FNDA:5,UntrustedEscrow.cancel
DA:89,5
BRDA:89,7,0,1
BRDA:89,7,1,4
DA:90,4
DA:91,4
BRDA:91,8,0,1
BRDA:91,8,1,3
DA:92,3
BRDA:92,9,0,1
BRDA:92,9,1,2
DA:93,2
DA:94,2
DA:95,2
DA:96,2
DA:98,2
FN:101,UntrustedEscrow.getEscrowDetails
FNDA:10,UntrustedEscrow.getEscrowDetails
DA:102,10
FN:105,UntrustedEscrow.getBuyerEscrows
FNDA:0,UntrustedEscrow.getBuyerEscrows
DA:106,0
FN:109,UntrustedEscrow.getSellerEscrows
FNDA:0,UntrustedEscrow.getSellerEscrows
DA:110,0
FNF:7
FNH:5
LF:35
LH:33
BRF:20
BRH:20
end_of_record
TN:
SF:src/Week2/CTFs/Attack1.sol
FN:14,Attack1.attack
FNDA:1,Attack1.attack
DA:15,1
FN:18,Attack1.onERC721Received
FNDA:5,Attack1.onERC721Received
DA:19,5
BRDA:19,0,0,-
BRDA:19,0,1,4
DA:20,4
DA:22,5
FNF:2
FNH:2
LF:4
LH:4
BRF:2
BRH:1
end_of_record
TN:
SF:src/Week2/CTFs/Attack2.sol
FN:13,Attack2.attack
FNDA:1,Attack2.attack
DA:14,1
DA:15,5
DA:16,5
FNF:1
FNH:1
LF:3
LH:3
BRF:0
BRH:0
end_of_record
TN:
SF:src/Week2/CTFs/Overmint1.sol
FN:15,Overmint1.mint
FNDA:5,Overmint1.mint
DA:16,5
BRDA:16,0,0,-
BRDA:16,0,1,5
DA:17,5
DA:18,5
DA:19,5
FN:22,Overmint1.success
FNDA:1,Overmint1.success
DA:23,1
FNF:2
FNH:2
LF:5
LH:5
BRF:2
BRH:1
end_of_record
TN:
SF:src/Week2/CTFs/Overmint2.sol
FN:14,Overmint2.mint
FNDA:5,Overmint2.mint
DA:15,5
BRDA:15,0,0,-
BRDA:15,0,1,5
DA:16,5
DA:17,5
FN:20,Overmint2.success
FNDA:1,Overmint2.success
DA:21,1
FNF:2
FNH:2
LF:4
LH:4
BRF:2
BRH:1
end_of_record
TN:
SF:src/Week2/Ecosystem1/RewardToken.sol
FN:16,RewardToken.updateStakingContract
FNDA:9,RewardToken.updateStakingContract
DA:17,9
BRDA:17,0,0,-
BRDA:17,0,1,9
DA:18,9
FN:21,RewardToken.mintRewards
FNDA:4,RewardToken.mintRewards
DA:22,4
BRDA:22,1,0,-
BRDA:22,1,1,4
DA:23,4
FN:26,RewardToken.mintToOwner
FNDA:0,RewardToken.mintToOwner
DA:27,0
FNF:3
FNH:2
LF:5
LH:4
BRF:4
BRH:2
end_of_record
TN:
SF:src/Week2/Ecosystem1/SomeNFT.sol
FN:35,SomeNFT.withdrawFunds
FNDA:1,SomeNFT.withdrawFunds
DA:36,1
DA:37,1
BRDA:37,0,0,-
BRDA:37,0,1,1
DA:38,1
FN:45,SomeNFT.mintWithDiscount
FNDA:6,SomeNFT.mintWithDiscount
DA:46,6
BRDA:46,1,0,1
BRDA:46,1,1,5
DA:47,5
BRDA:47,2,0,-
BRDA:47,2,1,5
DA:48,5
BRDA:48,3,0,1
BRDA:48,3,1,4
DA:49,4
DA:51,3
DA:52,3
DA:55,3
DA:58,3
DA:59,3
DA:61,3
DA:62,3
DA:63,3
BRDA:63,4,0,-
BRDA:63,4,1,3
FN:66,SomeNFT.mint
FNDA:1024,SomeNFT.mint
DA:67,1024
BRDA:67,5,0,-
BRDA:67,5,1,1024
DA:68,1024
BRDA:68,6,0,1
BRDA:68,6,1,1023
DA:70,1023
DA:73,1023
DA:76,1023
DA:78,1023
DA:79,1023
DA:80,1023
BRDA:80,7,0,-
BRDA:80,7,1,1023
FN:88,SomeNFT.supportsInterface
FNDA:0,SomeNFT.supportsInterface
DA:89,0
FN:97,SomeNFT._verifyMerkleProof
FNDA:4,SomeNFT._verifyMerkleProof
DA:99,4
DA:100,4
BRDA:100,8,0,1
BRDA:100,8,1,3
FN:111,SomeNFT.isContract
FNDA:0,SomeNFT.isContract
DA:112,0
DA:114,0
DA:116,0
FNF:6
FNH:4
LF:29
LH:25
BRF:18
BRH:13
end_of_record
TN:
SF:src/Week2/Ecosystem1/Staking.sol
FN:65,StakingNFT.onERC721Received
FNDA:8,StakingNFT.onERC721Received
DA:84,8
BRDA:84,0,0,1
BRDA:84,0,1,7
DA:85,7
DA:86,7
DA:87,7
FN:93,StakingNFT._packStakingData
FNDA:10,StakingNFT._packStakingData
DA:96,10
DA:98,10
FN:120,StakingNFT.withdrawNFT
FNDA:4,StakingNFT.withdrawNFT
DA:121,4
BRDA:121,1,0,1
BRDA:121,1,1,3
DA:123,3
BRDA:123,2,0,-
BRDA:123,2,1,1
DA:124,1
DA:125,1
DA:130,3
DA:132,3
DA:134,3
FN:142,StakingNFT.claimRewards
FNDA:6,StakingNFT.claimRewards
DA:143,6
BRDA:143,3,0,1
BRDA:143,3,1,5
DA:144,5
BRDA:144,4,0,1
BRDA:144,4,1,4
DA:145,4
BRDA:145,5,0,1
BRDA:145,5,1,3
DA:148,3
DA:149,3
DA:151,3
FN:154,StakingNFT.pause
FNDA:0,StakingNFT.pause
DA:155,0
FN:158,StakingNFT.unpause
FNDA:0,StakingNFT.unpause
DA:159,0
FN:162,StakingNFT.getOriginalOwner
FNDA:1,StakingNFT.getOriginalOwner
DA:163,10
DA:164,10
FN:167,StakingNFT.getClaimTime
FNDA:2,StakingNFT.getClaimTime
DA:168,15
FNF:8
FNH:6
LF:24
LH:22
BRF:12
BRH:11
end_of_record
TN:
SF:src/Week2/Ecosystem2/IsPrimeOnSteroids.sol
FN:17,IsPrimeOnSteroids.countPrimes
FNDA:0,IsPrimeOnSteroids.countPrimes
DA:18,0
DA:27,0
BRDA:27,0,0,-
DA:28,0
DA:30,0
DA:31,0
DA:32,0
DA:42,0
BRDA:42,1,0,-
DA:43,0
DA:45,0
BRDA:45,2,0,-
BRDA:45,2,1,-
DA:46,0
DA:49,0
FN:53,IsPrimeOnSteroids._isPrimeNumber
FNDA:0,IsPrimeOnSteroids._isPrimeNumber
DA:54,0
BRDA:54,3,0,-
BRDA:54,3,1,-
DA:55,0
DA:58,0
BRDA:58,4,0,-
BRDA:58,4,1,-
DA:59,0
DA:62,0
BRDA:62,5,0,-
BRDA:62,5,1,-
DA:63,0
DA:66,0
BRDA:66,6,0,-
BRDA:66,6,1,-
DA:67,0
DA:74,0
DA:75,0
BRDA:75,7,0,-
BRDA:75,7,1,-
DA:76,0
DA:79,0
BRDA:79,8,0,-
BRDA:79,8,1,-
DA:80,0
DA:83,0
DA:87,0
FNF:2
FNH:0
LF:26
LH:0
BRF:16
BRH:0
end_of_record
TN:
SF:src/Week2/Ecosystem2/SomeNFTEnumerable.sol
FN:21,SomeNFTEnumerable.mint
FNDA:1,SomeNFTEnumerable.mint
DA:22,1
BRDA:22,0,0,-
BRDA:22,0,1,1
DA:23,1
DA:24,1
DA:25,1
FN:28,SomeNFTEnumerable.pause
FNDA:0,SomeNFTEnumerable.pause
DA:29,0
FN:32,SomeNFTEnumerable.unpause
FNDA:0,SomeNFTEnumerable.unpause
DA:33,0
FNF:3
FNH:1
LF:6
LH:4
BRF:2
BRH:1
end_of_record
TN:
SF:src/Week2/Ecosystem2/SomeNftEnumerable.sol
FN:21,SomeNFTEnumerable.mint
FNDA:0,SomeNFTEnumerable.mint
DA:22,0
BRDA:22,0,0,-
BRDA:22,0,1,-
DA:23,0
DA:24,0
DA:25,0
FN:28,SomeNFTEnumerable.pause
FNDA:0,SomeNFTEnumerable.pause
DA:29,0
FN:32,SomeNFTEnumerable.unpause
FNDA:0,SomeNFTEnumerable.unpause
DA:33,0
FNF:3
FNH:0
LF:6
LH:0
BRF:2
BRH:0
end_of_record
TN:
SF:src/Week3-5/Borrower.sol
FN:20,Borrower.updateTrustedInitiator
FNDA:0,Borrower.updateTrustedInitiator
DA:21,0
BRDA:21,0,0,-
BRDA:21,0,1,-
DA:22,0
FN:25,Borrower.updateLender
FNDA:0,Borrower.updateLender
DA:26,0
BRDA:26,1,0,-
BRDA:26,1,1,-
DA:27,0
FN:43,Borrower.onFlashLoan
FNDA:0,Borrower.onFlashLoan
DA:53,0
BRDA:53,2,0,-
BRDA:53,2,1,-
DA:54,0
BRDA:54,3,0,-
BRDA:54,3,1,-
DA:59,0
DA:61,0
FNF:3
FNH:0
LF:8
LH:0
BRF:8
BRH:0
end_of_record
TN:
SF:src/Week3-5/Rs_UniToken.sol
FN:12,UniToken.name
FNDA:0,UniToken.name
DA:13,0
FN:16,UniToken.symbol
FNDA:0,UniToken.symbol
DA:17,0
FNF:2
FNH:0
LF:2
LH:0
BRF:0
BRH:0
end_of_record
TN:
SF:src/Week3-5/Rs_UniswapFactory.sol
FN:28,UniswapFactory.allPairsLength
FNDA:0,UniswapFactory.allPairsLength
DA:29,0
FN:32,UniswapFactory.createPair
FNDA:5,UniswapFactory.createPair
DA:33,5
BRDA:33,0,0,-
BRDA:33,0,1,5
DA:35,5
DA:36,5
BRDA:36,1,0,-
BRDA:36,1,1,5
DA:38,5
DA:39,5
BRDA:39,2,0,-
BRDA:39,2,1,5
DA:41,5
DA:42,5
DA:44,5
DA:52,5
DA:53,5
DA:54,5
DA:55,5
FN:58,UniswapFactory.setFeeTo
FNDA:0,UniswapFactory.setFeeTo
DA:59,0
BRDA:59,3,0,-
BRDA:59,3,1,-
DA:60,0
FN:63,UniswapFactory.setFeeToSetter
FNDA:0,UniswapFactory.setFeeToSetter
DA:64,0
BRDA:64,4,0,-
BRDA:64,4,1,-
DA:65,0
FNF:4
FNH:1
LF:17
LH:12
BRF:10
BRH:3
end_of_record
TN:
SF:src/Week3-5/Rs_UniswapPair.sol
FN:65,UniswapPair.initialize
FNDA:5,UniswapPair.initialize
DA:66,5
BRDA:66,0,0,-
BRDA:66,0,1,5
DA:67,5
DA:68,5
FN:76,UniswapPair.skim
FNDA:0,UniswapPair.skim
DA:77,0
DA:78,0
DA:79,0
DA:80,0
FN:84,UniswapPair.sync
FNDA:0,UniswapPair.sync
DA:85,0
FN:182,UniswapPair.mint
FNDA:7,UniswapPair.mint
DA:196,7
BRDA:196,1,0,-
BRDA:196,1,1,7
DA:197,7
DA:201,7
DA:202,7
DA:203,7
DA:207,7
DA:208,7
DA:210,7
DA:211,7
DA:213,7
DA:214,7
DA:215,7
DA:216,7
DA:219,7
DA:220,7
BRDA:220,2,0,5
BRDA:220,2,1,2
DA:221,5
DA:222,5
DA:224,2
DA:227,7
BRDA:227,3,0,-
BRDA:227,3,1,7
DA:228,7
DA:231,7
DA:232,7
BRDA:232,4,0,-
BRDA:232,4,1,7
DA:233,0
DA:236,7
DA:237,7
FN:251,UniswapPair.swapExactTokensInForTokensOut
FNDA:0,UniswapPair.swapExactTokensInForTokensOut
DA:263,0
BRDA:263,5,0,-
BRDA:263,5,1,-
DA:264,0
DA:265,0
DA:266,0
DA:270,0
DA:271,0
BRDA:271,6,0,-
BRDA:271,6,1,-
DA:273,0
DA:276,0
DA:277,0
DA:278,0
DA:279,0
FN:293,UniswapPair.swapTokensInForExactTokensOut
FNDA:0,UniswapPair.swapTokensInForExactTokensOut
DA:305,0
BRDA:305,7,0,-
BRDA:305,7,1,-
DA:306,0
DA:307,0
DA:308,0
DA:312,0
DA:313,0
BRDA:313,8,0,-
BRDA:313,8,1,-
DA:315,0
DA:318,0
DA:319,0
DA:320,0
DA:321,0
FN:338,UniswapPair.flashLoan
FNDA:0,UniswapPair.flashLoan
DA:349,0
BRDA:349,9,0,-
BRDA:349,9,1,-
DA:350,0
BRDA:350,10,0,-
BRDA:350,10,1,-
DA:351,0
DA:352,0
DA:354,0
BRDA:354,11,0,-
BRDA:354,11,1,-
DA:358,0
DA:360,0
DA:361,0
FN:368,UniswapPair.flashFee
FNDA:0,UniswapPair.flashFee
DA:369,0
BRDA:369,12,0,-
BRDA:369,12,1,-
DA:370,0
FN:377,UniswapPair.getReserves
FNDA:0,UniswapPair.getReserves
DA:378,7
DA:379,7
DA:380,7
DA:381,7
FN:389,UniswapPair.maxFlashLoan
FNDA:0,UniswapPair.maxFlashLoan
DA:390,0
DA:391,0
BRDA:391,13,0,-
BRDA:391,13,1,-
DA:392,0
DA:394,0
FN:415,UniswapPair.swap
FNDA:0,UniswapPair.swap
DA:416,0
BRDA:416,14,0,-
BRDA:416,14,1,-
DA:417,0
DA:418,0
BRDA:418,15,0,-
BRDA:418,15,1,-
DA:419,0
DA:420,0
DA:422,0
DA:423,0
DA:424,0
BRDA:424,16,0,-
BRDA:424,16,1,-
DA:426,0
BRDA:426,17,0,-
BRDA:426,17,1,-
DA:427,0
BRDA:427,18,0,-
BRDA:427,18,1,-
DA:429,0
DA:430,0
DA:435,0
DA:436,0
DA:437,0
BRDA:437,19,0,-
BRDA:437,19,1,-
DA:439,0
DA:440,0
DA:442,0
BRDA:442,20,0,-
BRDA:442,20,1,-
DA:446,0
DA:447,0
FN:458,UniswapPair._update
FNDA:7,UniswapPair._update
DA:459,7
DA:461,7
DA:462,7
BRDA:462,21,0,-
BRDA:462,21,1,7
DA:464,0
DA:465,0
DA:468,7
DA:469,7
DA:470,7
DA:472,7
FN:494,UniswapPair._mintFee
FNDA:7,UniswapPair._mintFee
DA:495,7
DA:496,7
DA:497,7
DA:498,7
BRDA:498,22,0,-
BRDA:498,22,1,-
DA:499,0
BRDA:499,23,0,-
BRDA:499,23,1,-
DA:500,0
DA:501,0
DA:502,0
BRDA:502,24,0,-
BRDA:502,24,1,-
DA:503,0
DA:504,0
DA:505,0
DA:506,0
BRDA:506,25,0,-
BRDA:506,25,1,-
DA:507,0
DA:508,0
DA:512,7
BRDA:512,26,0,-
BRDA:512,26,1,7
DA:514,0
DA:516,7
FN:519,UniswapPair._calculateAdjustedAmounts
FNDA:7,UniswapPair._calculateAdjustedAmounts
DA:531,7
DA:532,7
DA:533,7
BRDA:533,27,0,5
BRDA:533,27,1,2
DA:534,5
DA:536,2
DA:537,2
BRDA:537,28,0,-
BRDA:537,28,1,1
DA:538,1
BRDA:538,29,0,-
BRDA:538,29,1,1
DA:539,1
DA:541,1
DA:542,1
BRDA:542,30,0,-
BRDA:542,30,1,1
DA:543,1
BRDA:543,31,0,-
BRDA:543,31,1,1
DA:544,1
DA:547,7
FN:555,UniswapPair.calculateForAmountOut
FNDA:0,UniswapPair.calculateForAmountOut
DA:564,0
BRDA:564,32,0,-
BRDA:564,32,1,-
DA:565,0
BRDA:565,33,0,-
BRDA:565,33,1,-
DA:566,0
DA:567,0
DA:568,0
DA:569,0
FN:578,UniswapPair.calculateForAmountIn
FNDA:0,UniswapPair.calculateForAmountIn
DA:587,0
BRDA:587,34,0,-
BRDA:587,34,1,-
DA:588,0
BRDA:588,35,0,-
BRDA:588,35,1,-
DA:589,0
DA:590,0
DA:591,0
FN:594,UniswapPair._flashFee
FNDA:0,UniswapPair._flashFee
DA:595,0
FN:598,UniswapPair._sortTokens
FNDA:7,UniswapPair._sortTokens
DA:599,7
BRDA:599,36,0,-
BRDA:599,36,1,7
DA:600,7
FN:603,UniswapPair._checkTokens
FNDA:7,UniswapPair._checkTokens
DA:604,7
DA:607,7
DA:608,7
BRDA:608,37,0,-
BRDA:608,37,1,-
DA:609,0
DA:612,7
FNF:19
FNH:7
LF:151
LH:63
BRF:76
BRH:15
end_of_record
TN:
SF:src/Week3-5/UQ112x112.sol
FN:13,UQ112x112.encode
FNDA:0,UQ112x112.encode
DA:14,0
FN:18,UQ112x112.uqdiv
FNDA:0,UQ112x112.uqdiv
DA:19,0
FNF:2
FNH:0
LF:2
LH:0
BRF:0
BRH:0
end_of_record
TN:
SF:test/mocks/ERC1363.sol
FN:20,ERC1363.supportsInterface
FNDA:0,ERC1363.supportsInterface
DA:21,0
FN:30,ERC1363.transferAndCall
FNDA:0,ERC1363.transferAndCall
DA:31,0
FN:41,ERC1363.transferAndCall
FNDA:0,ERC1363.transferAndCall
DA:42,0
DA:43,0
DA:44,0
FN:54,ERC1363.transferFromAndCall
FNDA:8,ERC1363.transferFromAndCall
DA:55,8
FN:66,ERC1363.transferFromAndCall
FNDA:0,ERC1363.transferFromAndCall
DA:77,8
DA:78,8
DA:79,8
FN:88,ERC1363.approveAndCall
FNDA:0,ERC1363.approveAndCall
DA:89,0
FN:99,ERC1363.approveAndCall
FNDA:0,ERC1363.approveAndCall
DA:109,0
DA:110,0
DA:111,0
FN:122,ERC1363._checkOnTransferReceived
FNDA:8,ERC1363._checkOnTransferReceived
DA:123,8
BRDA:123,0,0,-
BRDA:123,0,1,8
DA:124,0
DA:127,8
FN:148,ERC1363._checkOnApprovalReceived
FNDA:0,ERC1363._checkOnApprovalReceived
DA:149,0
BRDA:149,1,0,-
BRDA:149,1,1,-
DA:150,0
DA:153,0
FNF:9
FNH:2
LF:19
LH:6
BRF:4
BRH:1
end_of_record
TN:
SF:test/mocks/MockERC1363.sol
FN:12,MockERC1363.mint
FNDA:14,MockERC1363.mint
DA:13,14
FN:16,MockERC1363.burn
FNDA:0,MockERC1363.burn
DA:17,0
FNF:2
FNH:1
LF:2
LH:1
BRF:0
BRH:0
end_of_record
TN:
SF:test/mocks/MockERC20.sol
FN:11,MockERC20.mint
FNDA:4,MockERC20.mint
DA:12,4
FNF:1
FNH:1
LF:1
LH:1
BRF:0
BRH:0
end_of_record
